1494401888705	geckodriver	INFO	Listening on 127.0.0.1:65433
1494401890777	geckodriver::marionette	INFO	Starting browser \\?\C:\Program Files (x86)\Mozilla Firefox\firefox.exe with args ["-marionette"]
1494401892288	addons.manager	ERROR	startup failed: [Exception... "Component returned failure code: 0x80070057 (NS_ERROR_ILLEGAL_VALUE) [nsIFile.create]"  nsresult: "0x80070057 (NS_ERROR_ILLEGAL_VALUE)"  location: "JS frame :: resource://gre/modules/FileUtils.jsm :: FileUtils_getDir :: line 70"  data: no] Stack trace: FileUtils_getDir()@resource://gre/modules/FileUtils.jsm:70 < FileUtils_getFile()@resource://gre/modules/FileUtils.jsm:42 < validateBlocklist()@resource://gre/modules/AddonManager.jsm:671 < startup()@resource://gre/modules/AddonManager.jsm:834 < startup()@resource://gre/modules/AddonManager.jsm:3129 < observe()@resource://gre/components/addonManager.js:65
JavaScript error: resource://gre/modules/AddonManager.jsm, line 1657: NS_ERROR_NOT_INITIALIZED: AddonManager is not initialized
JavaScript error: resource://gre/modules/AddonManager.jsm, line 2570: NS_ERROR_NOT_INITIALIZED: AddonManager is not initialized
1494401899723	Marionette	INFO	Listening on port 65440
1494401900264	Marionette	WARN	TLS certificate errors will be ignored for this session
JavaScript error: http://assets.asosservices.com/lpsa/js/mu/mu-bundle/lp-hp-bundle-1.0.144.0.min.js#CO, line 6: TypeError: t is undefined
1494402141704	geckodriver	INFO	Listening on 127.0.0.1:49215
1494402143754	geckodriver::marionette	INFO	Starting browser \\?\C:\Program Files (x86)\Mozilla Firefox\firefox.exe with args ["-marionette"]
1494402143996	addons.manager	ERROR	startup failed: [Exception... "Component returned failure code: 0x80070057 (NS_ERROR_ILLEGAL_VALUE) [nsIFile.create]"  nsresult: "0x80070057 (NS_ERROR_ILLEGAL_VALUE)"  location: "JS frame :: resource://gre/modules/FileUtils.jsm :: FileUtils_getDir :: line 70"  data: no] Stack trace: FileUtils_getDir()@resource://gre/modules/FileUtils.jsm:70 < FileUtils_getFile()@resource://gre/modules/FileUtils.jsm:42 < validateBlocklist()@resource://gre/modules/AddonManager.jsm:671 < startup()@resource://gre/modules/AddonManager.jsm:834 < startup()@resource://gre/modules/AddonManager.jsm:3129 < observe()@resource://gre/components/addonManager.js:65
JavaScript error: resource://gre/modules/AddonManager.jsm, line 1657: NS_ERROR_NOT_INITIALIZED: AddonManager is not initialized
1494402146152	Marionette	INFO	Listening on port 49221
JavaScript error: resource://gre/modules/AddonManager.jsm, line 2570: NS_ERROR_NOT_INITIALIZED: AddonManager is not initialized
1494402146869	Marionette	WARN	TLS certificate errors will be ignored for this session
JavaScript error: http://assets.asosservices.com/lpsa/js/mu/mu-bundle/lp-hp-bundle-1.0.144.0.min.js#CO, line 6: TypeError: t is undefined
1494402361881	geckodriver	INFO	Listening on 127.0.0.1:49366
1494402363923	geckodriver::marionette	INFO	Starting browser \\?\C:\Program Files (x86)\Mozilla Firefox\firefox.exe with args ["-marionette"]
1494402364152	addons.manager	ERROR	startup failed: [Exception... "Component returned failure code: 0x80070057 (NS_ERROR_ILLEGAL_VALUE) [nsIFile.create]"  nsresult: "0x80070057 (NS_ERROR_ILLEGAL_VALUE)"  location: "JS frame :: resource://gre/modules/FileUtils.jsm :: FileUtils_getDir :: line 70"  data: no] Stack trace: FileUtils_getDir()@resource://gre/modules/FileUtils.jsm:70 < FileUtils_getFile()@resource://gre/modules/FileUtils.jsm:42 < validateBlocklist()@resource://gre/modules/AddonManager.jsm:671 < startup()@resource://gre/modules/AddonManager.jsm:834 < startup()@resource://gre/modules/AddonManager.jsm:3129 < observe()@resource://gre/components/addonManager.js:65
JavaScript error: resource://gre/modules/AddonManager.jsm, line 1657: NS_ERROR_NOT_INITIALIZED: AddonManager is not initialized
1494402366044	Marionette	INFO	Listening on port 49372
JavaScript error: resource://gre/modules/AddonManager.jsm, line 2570: NS_ERROR_NOT_INITIALIZED: AddonManager is not initialized
1494402367039	Marionette	WARN	TLS certificate errors will be ignored for this session
JavaScript error: http://assets.asosservices.com/lpsa/js/mu/mu-bundle/lp-hp-bundle-1.0.144.0.min.js#CO, line 6: TypeError: t is undefined
JavaScript warning: http://mathid.mathtag.com/d/i.js, line 1: unreachable code after return statement
JavaScript warning: http://mathid.mathtag.com/d/i.js, line 1: unreachable code after return statement
1494402434156	geckodriver	INFO	Listening on 127.0.0.1:49510
1494402436203	geckodriver::marionette	INFO	Starting browser \\?\C:\Program Files (x86)\Mozilla Firefox\firefox.exe with args ["-marionette"]
1494402436439	addons.manager	ERROR	startup failed: [Exception... "Component returned failure code: 0x80070057 (NS_ERROR_ILLEGAL_VALUE) [nsIFile.create]"  nsresult: "0x80070057 (NS_ERROR_ILLEGAL_VALUE)"  location: "JS frame :: resource://gre/modules/FileUtils.jsm :: FileUtils_getDir :: line 70"  data: no] Stack trace: FileUtils_getDir()@resource://gre/modules/FileUtils.jsm:70 < FileUtils_getFile()@resource://gre/modules/FileUtils.jsm:42 < validateBlocklist()@resource://gre/modules/AddonManager.jsm:671 < startup()@resource://gre/modules/AddonManager.jsm:834 < startup()@resource://gre/modules/AddonManager.jsm:3129 < observe()@resource://gre/components/addonManager.js:65
JavaScript error: resource://gre/modules/AddonManager.jsm, line 1657: NS_ERROR_NOT_INITIALIZED: AddonManager is not initialized
1494402438726	Marionette	INFO	Listening on port 49516
JavaScript error: resource://gre/modules/AddonManager.jsm, line 2570: NS_ERROR_NOT_INITIALIZED: AddonManager is not initialized
1494402439318	Marionette	WARN	TLS certificate errors will be ignored for this session
JavaScript error: http://assets.asosservices.com/lpsa/js/mu/mu-bundle/lp-hp-bundle-1.0.144.0.min.js#CO, line 6: TypeError: t is undefined
1494402471315	geckodriver	INFO	Listening on 127.0.0.1:49646
1494402473363	geckodriver::marionette	INFO	Starting browser \\?\C:\Program Files (x86)\Mozilla Firefox\firefox.exe with args ["-marionette"]
1494402473730	addons.manager	ERROR	startup failed: [Exception... "Component returned failure code: 0x80070057 (NS_ERROR_ILLEGAL_VALUE) [nsIFile.create]"  nsresult: "0x80070057 (NS_ERROR_ILLEGAL_VALUE)"  location: "JS frame :: resource://gre/modules/FileUtils.jsm :: FileUtils_getDir :: line 70"  data: no] Stack trace: FileUtils_getDir()@resource://gre/modules/FileUtils.jsm:70 < FileUtils_getFile()@resource://gre/modules/FileUtils.jsm:42 < validateBlocklist()@resource://gre/modules/AddonManager.jsm:671 < startup()@resource://gre/modules/AddonManager.jsm:834 < startup()@resource://gre/modules/AddonManager.jsm:3129 < observe()@resource://gre/components/addonManager.js:65
JavaScript error: resource://gre/modules/AddonManager.jsm, line 1657: NS_ERROR_NOT_INITIALIZED: AddonManager is not initialized
1494402476104	Marionette	INFO	Listening on port 49652
JavaScript error: resource://gre/modules/AddonManager.jsm, line 2570: NS_ERROR_NOT_INITIALIZED: AddonManager is not initialized
1494402476491	Marionette	WARN	TLS certificate errors will be ignored for this session
JavaScript error: http://assets.asosservices.com/lpsa/js/mu/mu-bundle/lp-hp-bundle-1.0.144.0.min.js#CO, line 6: TypeError: t is undefined
JavaScript warning: http://mathid.mathtag.com/d/i.js, line 1: unreachable code after return statement
JavaScript warning: http://mathid.mathtag.com/d/i.js, line 1: unreachable code after return statement
1494402540659	geckodriver	INFO	Listening on 127.0.0.1:49778
1494402542703	geckodriver::marionette	INFO	Starting browser \\?\C:\Program Files (x86)\Mozilla Firefox\firefox.exe with args ["-marionette"]
1494402543035	addons.manager	ERROR	startup failed: [Exception... "Component returned failure code: 0x80070057 (NS_ERROR_ILLEGAL_VALUE) [nsIFile.create]"  nsresult: "0x80070057 (NS_ERROR_ILLEGAL_VALUE)"  location: "JS frame :: resource://gre/modules/FileUtils.jsm :: FileUtils_getDir :: line 70"  data: no] Stack trace: FileUtils_getDir()@resource://gre/modules/FileUtils.jsm:70 < FileUtils_getFile()@resource://gre/modules/FileUtils.jsm:42 < validateBlocklist()@resource://gre/modules/AddonManager.jsm:671 < startup()@resource://gre/modules/AddonManager.jsm:834 < startup()@resource://gre/modules/AddonManager.jsm:3129 < observe()@resource://gre/components/addonManager.js:65
JavaScript error: resource://gre/modules/AddonManager.jsm, line 1657: NS_ERROR_NOT_INITIALIZED: AddonManager is not initialized
1494402545010	Marionette	INFO	Listening on port 49784
JavaScript error: resource://gre/modules/AddonManager.jsm, line 2570: NS_ERROR_NOT_INITIALIZED: AddonManager is not initialized
1494402545826	Marionette	WARN	TLS certificate errors will be ignored for this session
JavaScript error: http://assets.asosservices.com/lpsa/js/mu/mu-bundle/lp-hp-bundle-1.0.144.0.min.js#CO, line 6: TypeError: t is undefined
JavaScript warning: http://mathid.mathtag.com/d/i.js, line 1: unreachable code after return statement
JavaScript warning: http://mathid.mathtag.com/d/i.js, line 1: unreachable code after return statement
1494402604456	geckodriver	INFO	Listening on 127.0.0.1:49884
1494402606502	geckodriver::marionette	INFO	Starting browser \\?\C:\Program Files (x86)\Mozilla Firefox\firefox.exe with args ["-marionette"]
1494402606724	addons.manager	ERROR	startup failed: [Exception... "Component returned failure code: 0x80070057 (NS_ERROR_ILLEGAL_VALUE) [nsIFile.create]"  nsresult: "0x80070057 (NS_ERROR_ILLEGAL_VALUE)"  location: "JS frame :: resource://gre/modules/FileUtils.jsm :: FileUtils_getDir :: line 70"  data: no] Stack trace: FileUtils_getDir()@resource://gre/modules/FileUtils.jsm:70 < FileUtils_getFile()@resource://gre/modules/FileUtils.jsm:42 < validateBlocklist()@resource://gre/modules/AddonManager.jsm:671 < startup()@resource://gre/modules/AddonManager.jsm:834 < startup()@resource://gre/modules/AddonManager.jsm:3129 < observe()@resource://gre/components/addonManager.js:65
JavaScript error: resource://gre/modules/AddonManager.jsm, line 1657: NS_ERROR_NOT_INITIALIZED: AddonManager is not initialized
1494402608552	Marionette	INFO	Listening on port 49890
JavaScript error: resource://gre/modules/AddonManager.jsm, line 2570: NS_ERROR_NOT_INITIALIZED: AddonManager is not initialized
1494402609618	Marionette	WARN	TLS certificate errors will be ignored for this session
JavaScript error: http://assets.asosservices.com/lpsa/js/mu/mu-bundle/lp-hp-bundle-1.0.144.0.min.js#CO, line 6: TypeError: t is undefined
JavaScript warning: http://mathid.mathtag.com/d/i.js, line 1: unreachable code after return statement
JavaScript warning: http://mathid.mathtag.com/d/i.js, line 1: unreachable code after return statement
1494402643921	geckodriver	INFO	Listening on 127.0.0.1:50029
1494402645954	geckodriver::marionette	INFO	Starting browser \\?\C:\Program Files (x86)\Mozilla Firefox\firefox.exe with args ["-marionette"]
1494402646189	addons.manager	ERROR	startup failed: [Exception... "Component returned failure code: 0x80070057 (NS_ERROR_ILLEGAL_VALUE) [nsIFile.create]"  nsresult: "0x80070057 (NS_ERROR_ILLEGAL_VALUE)"  location: "JS frame :: resource://gre/modules/FileUtils.jsm :: FileUtils_getDir :: line 70"  data: no] Stack trace: FileUtils_getDir()@resource://gre/modules/FileUtils.jsm:70 < FileUtils_getFile()@resource://gre/modules/FileUtils.jsm:42 < validateBlocklist()@resource://gre/modules/AddonManager.jsm:671 < startup()@resource://gre/modules/AddonManager.jsm:834 < startup()@resource://gre/modules/AddonManager.jsm:3129 < observe()@resource://gre/components/addonManager.js:65
JavaScript error: resource://gre/modules/AddonManager.jsm, line 1657: NS_ERROR_NOT_INITIALIZED: AddonManager is not initialized
1494402648012	Marionette	INFO	Listening on port 50035
JavaScript error: resource://gre/modules/AddonManager.jsm, line 2570: NS_ERROR_NOT_INITIALIZED: AddonManager is not initialized
1494402649071	Marionette	WARN	TLS certificate errors will be ignored for this session
JavaScript error: http://assets.asosservices.com/lpsa/js/mu/mu-bundle/lp-hp-bundle-1.0.144.0.min.js#CO, line 6: TypeError: t is undefined
JavaScript warning: http://mathid.mathtag.com/d/i.js, line 1: unreachable code after return statement
JavaScript warning: http://mathid.mathtag.com/d/i.js, line 1: unreachable code after return statement
1494402680882	geckodriver	INFO	Listening on 127.0.0.1:50173
1494402682937	geckodriver::marionette	INFO	Starting browser \\?\C:\Program Files (x86)\Mozilla Firefox\firefox.exe with args ["-marionette"]
1494402683157	addons.manager	ERROR	startup failed: [Exception... "Component returned failure code: 0x80070057 (NS_ERROR_ILLEGAL_VALUE) [nsIFile.create]"  nsresult: "0x80070057 (NS_ERROR_ILLEGAL_VALUE)"  location: "JS frame :: resource://gre/modules/FileUtils.jsm :: FileUtils_getDir :: line 70"  data: no] Stack trace: FileUtils_getDir()@resource://gre/modules/FileUtils.jsm:70 < FileUtils_getFile()@resource://gre/modules/FileUtils.jsm:42 < validateBlocklist()@resource://gre/modules/AddonManager.jsm:671 < startup()@resource://gre/modules/AddonManager.jsm:834 < startup()@resource://gre/modules/AddonManager.jsm:3129 < observe()@resource://gre/components/addonManager.js:65
JavaScript error: resource://gre/modules/AddonManager.jsm, line 1657: NS_ERROR_NOT_INITIALIZED: AddonManager is not initialized
1494402685403	Marionette	INFO	Listening on port 50180
JavaScript error: resource://gre/modules/AddonManager.jsm, line 2570: NS_ERROR_NOT_INITIALIZED: AddonManager is not initialized
1494402686054	Marionette	WARN	TLS certificate errors will be ignored for this session
JavaScript error: http://assets.asosservices.com/lpsa/js/mu/mu-bundle/lp-hp-bundle-1.0.144.0.min.js#CO, line 6: TypeError: t is undefined
JavaScript warning: http://mathid.mathtag.com/d/i.js, line 1: unreachable code after return statement
JavaScript warning: http://mathid.mathtag.com/d/i.js, line 1: unreachable code after return statement
1494402757633	geckodriver	INFO	Listening on 127.0.0.1:50326
1494402759677	geckodriver::marionette	INFO	Starting browser \\?\C:\Program Files (x86)\Mozilla Firefox\firefox.exe with args ["-marionette"]
1494402759923	addons.manager	ERROR	startup failed: [Exception... "Component returned failure code: 0x80070057 (NS_ERROR_ILLEGAL_VALUE) [nsIFile.create]"  nsresult: "0x80070057 (NS_ERROR_ILLEGAL_VALUE)"  location: "JS frame :: resource://gre/modules/FileUtils.jsm :: FileUtils_getDir :: line 70"  data: no] Stack trace: FileUtils_getDir()@resource://gre/modules/FileUtils.jsm:70 < FileUtils_getFile()@resource://gre/modules/FileUtils.jsm:42 < validateBlocklist()@resource://gre/modules/AddonManager.jsm:671 < startup()@resource://gre/modules/AddonManager.jsm:834 < startup()@resource://gre/modules/AddonManager.jsm:3129 < observe()@resource://gre/components/addonManager.js:65
JavaScript error: resource://gre/modules/AddonManager.jsm, line 1657: NS_ERROR_NOT_INITIALIZED: AddonManager is not initialized
1494402761823	Marionette	INFO	Listening on port 50332
JavaScript error: resource://gre/modules/AddonManager.jsm, line 2570: NS_ERROR_NOT_INITIALIZED: AddonManager is not initialized
1494402762799	Marionette	WARN	TLS certificate errors will be ignored for this session
JavaScript error: http://assets.asosservices.com/lpsa/js/mu/mu-bundle/lp-hp-bundle-1.0.144.0.min.js#CO, line 6: TypeError: t is undefined
JavaScript warning: http://mathid.mathtag.com/d/i.js, line 1: unreachable code after return statement
JavaScript warning: http://mathid.mathtag.com/d/i.js, line 1: unreachable code after return statement
1494403097951	geckodriver	INFO	Listening on 127.0.0.1:50491
1494403100004	geckodriver::marionette	INFO	Starting browser \\?\C:\Program Files (x86)\Mozilla Firefox\firefox.exe with args ["-marionette"]
1494403100224	addons.manager	ERROR	startup failed: [Exception... "Component returned failure code: 0x80070057 (NS_ERROR_ILLEGAL_VALUE) [nsIFile.create]"  nsresult: "0x80070057 (NS_ERROR_ILLEGAL_VALUE)"  location: "JS frame :: resource://gre/modules/FileUtils.jsm :: FileUtils_getDir :: line 70"  data: no] Stack trace: FileUtils_getDir()@resource://gre/modules/FileUtils.jsm:70 < FileUtils_getFile()@resource://gre/modules/FileUtils.jsm:42 < validateBlocklist()@resource://gre/modules/AddonManager.jsm:671 < startup()@resource://gre/modules/AddonManager.jsm:834 < startup()@resource://gre/modules/AddonManager.jsm:3129 < observe()@resource://gre/components/addonManager.js:65
JavaScript error: resource://gre/modules/AddonManager.jsm, line 1657: NS_ERROR_NOT_INITIALIZED: AddonManager is not initialized
1494403102153	Marionette	INFO	Listening on port 50497
JavaScript error: resource://gre/modules/AddonManager.jsm, line 2570: NS_ERROR_NOT_INITIALIZED: AddonManager is not initialized
1494403103121	Marionette	WARN	TLS certificate errors will be ignored for this session
JavaScript error: http://assets.asosservices.com/lpsa/js/mu/mu-bundle/lp-hp-bundle-1.0.144.0.min.js#CO, line 6: TypeError: t is undefined
JavaScript warning: http://mathid.mathtag.com/d/i.js, line 1: unreachable code after return statement
JavaScript warning: http://mathid.mathtag.com/d/i.js, line 1: unreachable code after return statement
1494403299073	geckodriver	INFO	Listening on 127.0.0.1:50643
1494403301118	geckodriver::marionette	INFO	Starting browser \\?\C:\Program Files (x86)\Mozilla Firefox\firefox.exe with args ["-marionette"]
1494403301330	addons.manager	ERROR	startup failed: [Exception... "Component returned failure code: 0x80070057 (NS_ERROR_ILLEGAL_VALUE) [nsIFile.create]"  nsresult: "0x80070057 (NS_ERROR_ILLEGAL_VALUE)"  location: "JS frame :: resource://gre/modules/FileUtils.jsm :: FileUtils_getDir :: line 70"  data: no] Stack trace: FileUtils_getDir()@resource://gre/modules/FileUtils.jsm:70 < FileUtils_getFile()@resource://gre/modules/FileUtils.jsm:42 < validateBlocklist()@resource://gre/modules/AddonManager.jsm:671 < startup()@resource://gre/modules/AddonManager.jsm:834 < startup()@resource://gre/modules/AddonManager.jsm:3129 < observe()@resource://gre/components/addonManager.js:65
JavaScript error: resource://gre/modules/AddonManager.jsm, line 1657: NS_ERROR_NOT_INITIALIZED: AddonManager is not initialized
1494403303103	Marionette	INFO	Listening on port 50649
JavaScript error: resource://gre/modules/AddonManager.jsm, line 2570: NS_ERROR_NOT_INITIALIZED: AddonManager is not initialized
1494403303277	Marionette	WARN	TLS certificate errors will be ignored for this session
JavaScript error: http://assets.asosservices.com/lpsa/js/mu/mu-bundle/lp-hp-bundle-1.0.144.0.min.js#CO, line 6: TypeError: t is undefined
1494403305926	Marionette	INFO	New connections will no longer be accepted
1494403460986	geckodriver	INFO	Listening on 127.0.0.1:50719
1494403463031	geckodriver::marionette	INFO	Starting browser \\?\C:\Program Files (x86)\Mozilla Firefox\firefox.exe with args ["-marionette"]
1494403463279	addons.manager	ERROR	startup failed: [Exception... "Component returned failure code: 0x80070057 (NS_ERROR_ILLEGAL_VALUE) [nsIFile.create]"  nsresult: "0x80070057 (NS_ERROR_ILLEGAL_VALUE)"  location: "JS frame :: resource://gre/modules/FileUtils.jsm :: FileUtils_getDir :: line 70"  data: no] Stack trace: FileUtils_getDir()@resource://gre/modules/FileUtils.jsm:70 < FileUtils_getFile()@resource://gre/modules/FileUtils.jsm:42 < validateBlocklist()@resource://gre/modules/AddonManager.jsm:671 < startup()@resource://gre/modules/AddonManager.jsm:834 < startup()@resource://gre/modules/AddonManager.jsm:3129 < observe()@resource://gre/components/addonManager.js:65
JavaScript error: resource://gre/modules/AddonManager.jsm, line 1657: NS_ERROR_NOT_INITIALIZED: AddonManager is not initialized
1494403465025	Marionette	INFO	Listening on port 50725
JavaScript error: resource://gre/modules/AddonManager.jsm, line 2570: NS_ERROR_NOT_INITIALIZED: AddonManager is not initialized
1494403465189	Marionette	WARN	TLS certificate errors will be ignored for this session
JavaScript error: http://assets.asosservices.com/lpsa/js/mu/mu-bundle/lp-hp-bundle-1.0.144.0.min.js#CO, line 6: TypeError: t is undefined
JavaScript warning: http://mathid.mathtag.com/d/i.js, line 1: unreachable code after return statement
JavaScript warning: http://mathid.mathtag.com/d/i.js, line 1: unreachable code after return statement
1494403582105	geckodriver	INFO	Listening on 127.0.0.1:50938
1494403584160	geckodriver::marionette	INFO	Starting browser \\?\C:\Program Files (x86)\Mozilla Firefox\firefox.exe with args ["-marionette"]
1494403584636	addons.manager	ERROR	startup failed: [Exception... "Component returned failure code: 0x80070057 (NS_ERROR_ILLEGAL_VALUE) [nsIFile.create]"  nsresult: "0x80070057 (NS_ERROR_ILLEGAL_VALUE)"  location: "JS frame :: resource://gre/modules/FileUtils.jsm :: FileUtils_getDir :: line 70"  data: no] Stack trace: FileUtils_getDir()@resource://gre/modules/FileUtils.jsm:70 < FileUtils_getFile()@resource://gre/modules/FileUtils.jsm:42 < validateBlocklist()@resource://gre/modules/AddonManager.jsm:671 < startup()@resource://gre/modules/AddonManager.jsm:834 < startup()@resource://gre/modules/AddonManager.jsm:3129 < observe()@resource://gre/components/addonManager.js:65
JavaScript error: resource://gre/modules/AddonManager.jsm, line 1657: NS_ERROR_NOT_INITIALIZED: AddonManager is not initialized
1494403586828	Marionette	INFO	Listening on port 50944
JavaScript error: resource://gre/modules/AddonManager.jsm, line 2570: NS_ERROR_NOT_INITIALIZED: AddonManager is not initialized
1494403587306	Marionette	WARN	TLS certificate errors will be ignored for this session
JavaScript error: http://assets.asosservices.com/lpsa/js/mu/mu-bundle/lp-hp-bundle-1.0.144.0.min.js#CO, line 6: TypeError: t is undefined
1494403605083	geckodriver	INFO	Listening on 127.0.0.1:51009
1494403607117	geckodriver::marionette	INFO	Starting browser \\?\C:\Program Files (x86)\Mozilla Firefox\firefox.exe with args ["-marionette"]
1494403607341	addons.manager	ERROR	startup failed: [Exception... "Component returned failure code: 0x80070057 (NS_ERROR_ILLEGAL_VALUE) [nsIFile.create]"  nsresult: "0x80070057 (NS_ERROR_ILLEGAL_VALUE)"  location: "JS frame :: resource://gre/modules/FileUtils.jsm :: FileUtils_getDir :: line 70"  data: no] Stack trace: FileUtils_getDir()@resource://gre/modules/FileUtils.jsm:70 < FileUtils_getFile()@resource://gre/modules/FileUtils.jsm:42 < validateBlocklist()@resource://gre/modules/AddonManager.jsm:671 < startup()@resource://gre/modules/AddonManager.jsm:834 < startup()@resource://gre/modules/AddonManager.jsm:3129 < observe()@resource://gre/components/addonManager.js:65
JavaScript error: resource://gre/modules/AddonManager.jsm, line 1657: NS_ERROR_NOT_INITIALIZED: AddonManager is not initialized
1494403608948	Marionette	INFO	Listening on port 51015
JavaScript error: resource://gre/modules/AddonManager.jsm, line 2570: NS_ERROR_NOT_INITIALIZED: AddonManager is not initialized
1494403609293	Marionette	WARN	TLS certificate errors will be ignored for this session
JavaScript error: http://assets.asosservices.com/lpsa/js/mu/mu-bundle/lp-hp-bundle-1.0.144.0.min.js#CO, line 6: TypeError: t is undefined
JavaScript warning: http://mathid.mathtag.com/d/i.js, line 1: unreachable code after return statement
JavaScript warning: http://mathid.mathtag.com/d/i.js, line 1: unreachable code after return statement
1494403637473	geckodriver	INFO	Listening on 127.0.0.1:51167
1494403639528	geckodriver::marionette	INFO	Starting browser \\?\C:\Program Files (x86)\Mozilla Firefox\firefox.exe with args ["-marionette"]
1494403639883	addons.manager	ERROR	startup failed: [Exception... "Component returned failure code: 0x80070057 (NS_ERROR_ILLEGAL_VALUE) [nsIFile.create]"  nsresult: "0x80070057 (NS_ERROR_ILLEGAL_VALUE)"  location: "JS frame :: resource://gre/modules/FileUtils.jsm :: FileUtils_getDir :: line 70"  data: no] Stack trace: FileUtils_getDir()@resource://gre/modules/FileUtils.jsm:70 < FileUtils_getFile()@resource://gre/modules/FileUtils.jsm:42 < validateBlocklist()@resource://gre/modules/AddonManager.jsm:671 < startup()@resource://gre/modules/AddonManager.jsm:834 < startup()@resource://gre/modules/AddonManager.jsm:3129 < observe()@resource://gre/components/addonManager.js:65
JavaScript error: resource://gre/modules/AddonManager.jsm, line 1657: NS_ERROR_NOT_INITIALIZED: AddonManager is not initialized
1494403641857	Marionette	INFO	Listening on port 51173
JavaScript error: resource://gre/modules/AddonManager.jsm, line 2570: NS_ERROR_NOT_INITIALIZED: AddonManager is not initialized
1494403642651	Marionette	WARN	TLS certificate errors will be ignored for this session
JavaScript error: http://assets.asosservices.com/lpsa/js/mu/mu-bundle/lp-hp-bundle-1.0.144.0.min.js#CO, line 6: TypeError: t is undefined
JavaScript warning: http://mathid.mathtag.com/d/i.js, line 1: unreachable code after return statement
JavaScript warning: http://mathid.mathtag.com/d/i.js, line 1: unreachable code after return statement
1494403718263	geckodriver	INFO	Listening on 127.0.0.1:51332
1494403720309	geckodriver::marionette	INFO	Starting browser \\?\C:\Program Files (x86)\Mozilla Firefox\firefox.exe with args ["-marionette"]
1494403720661	addons.manager	ERROR	startup failed: [Exception... "Component returned failure code: 0x80070057 (NS_ERROR_ILLEGAL_VALUE) [nsIFile.create]"  nsresult: "0x80070057 (NS_ERROR_ILLEGAL_VALUE)"  location: "JS frame :: resource://gre/modules/FileUtils.jsm :: FileUtils_getDir :: line 70"  data: no] Stack trace: FileUtils_getDir()@resource://gre/modules/FileUtils.jsm:70 < FileUtils_getFile()@resource://gre/modules/FileUtils.jsm:42 < validateBlocklist()@resource://gre/modules/AddonManager.jsm:671 < startup()@resource://gre/modules/AddonManager.jsm:834 < startup()@resource://gre/modules/AddonManager.jsm:3129 < observe()@resource://gre/components/addonManager.js:65
JavaScript error: resource://gre/modules/AddonManager.jsm, line 1657: NS_ERROR_NOT_INITIALIZED: AddonManager is not initialized
1494403722538	Marionette	INFO	Listening on port 51338
JavaScript error: resource://gre/modules/AddonManager.jsm, line 2570: NS_ERROR_NOT_INITIALIZED: AddonManager is not initialized
1494403723425	Marionette	WARN	TLS certificate errors will be ignored for this session
JavaScript error: http://assets.asosservices.com/lpsa/js/mu/mu-bundle/lp-hp-bundle-1.0.144.0.min.js#CO, line 6: TypeError: t is undefined
JavaScript warning: http://mathid.mathtag.com/d/i.js, line 1: unreachable code after return statement
JavaScript warning: http://mathid.mathtag.com/d/i.js, line 1: unreachable code after return statement
1494403754139	geckodriver	INFO	Listening on 127.0.0.1:51447
1494403756183	geckodriver::marionette	INFO	Starting browser \\?\C:\Program Files (x86)\Mozilla Firefox\firefox.exe with args ["-marionette"]
1494403756403	addons.manager	ERROR	startup failed: [Exception... "Component returned failure code: 0x80070057 (NS_ERROR_ILLEGAL_VALUE) [nsIFile.create]"  nsresult: "0x80070057 (NS_ERROR_ILLEGAL_VALUE)"  location: "JS frame :: resource://gre/modules/FileUtils.jsm :: FileUtils_getDir :: line 70"  data: no] Stack trace: FileUtils_getDir()@resource://gre/modules/FileUtils.jsm:70 < FileUtils_getFile()@resource://gre/modules/FileUtils.jsm:42 < validateBlocklist()@resource://gre/modules/AddonManager.jsm:671 < startup()@resource://gre/modules/AddonManager.jsm:834 < startup()@resource://gre/modules/AddonManager.jsm:3129 < observe()@resource://gre/components/addonManager.js:65
JavaScript error: resource://gre/modules/AddonManager.jsm, line 1657: NS_ERROR_NOT_INITIALIZED: AddonManager is not initialized
1494403758009	Marionette	INFO	Listening on port 51453
JavaScript error: resource://gre/modules/AddonManager.jsm, line 2570: NS_ERROR_NOT_INITIALIZED: AddonManager is not initialized
1494403758262	Marionette	WARN	TLS certificate errors will be ignored for this session
JavaScript error: http://assets.asosservices.com/lpsa/js/mu/mu-bundle/lp-hp-bundle-1.0.144.0.min.js#CO, line 6: TypeError: t is undefined
JavaScript warning: http://mathid.mathtag.com/d/i.js, line 1: unreachable code after return statement
JavaScript warning: http://mathid.mathtag.com/d/i.js, line 1: unreachable code after return statement
1494404126889	geckodriver	INFO	Listening on 127.0.0.1:58624
1494404128944	geckodriver::marionette	INFO	Starting browser \\?\C:\Program Files (x86)\Mozilla Firefox\firefox.exe with args ["-marionette"]
1494404129164	addons.manager	ERROR	startup failed: [Exception... "Component returned failure code: 0x80070057 (NS_ERROR_ILLEGAL_VALUE) [nsIFile.create]"  nsresult: "0x80070057 (NS_ERROR_ILLEGAL_VALUE)"  location: "JS frame :: resource://gre/modules/FileUtils.jsm :: FileUtils_getDir :: line 70"  data: no] Stack trace: FileUtils_getDir()@resource://gre/modules/FileUtils.jsm:70 < FileUtils_getFile()@resource://gre/modules/FileUtils.jsm:42 < validateBlocklist()@resource://gre/modules/AddonManager.jsm:671 < startup()@resource://gre/modules/AddonManager.jsm:834 < startup()@resource://gre/modules/AddonManager.jsm:3129 < observe()@resource://gre/components/addonManager.js:65
JavaScript error: resource://gre/modules/AddonManager.jsm, line 1657: NS_ERROR_NOT_INITIALIZED: AddonManager is not initialized
1494404130846	Marionette	INFO	Listening on port 58631
JavaScript error: resource://gre/modules/AddonManager.jsm, line 2570: NS_ERROR_NOT_INITIALIZED: AddonManager is not initialized
1494404131073	Marionette	WARN	TLS certificate errors will be ignored for this session
JavaScript error: http://assets.asosservices.com/lpsa/js/mu/mu-bundle/lp-hp-bundle-1.0.144.0.min.js#CO, line 6: TypeError: t is undefined
JavaScript warning: http://mathid.mathtag.com/d/i.js, line 1: unreachable code after return statement
JavaScript warning: http://mathid.mathtag.com/d/i.js, line 1: unreachable code after return statement
1494404161415	geckodriver	INFO	Listening on 127.0.0.1:58780
1494404163470	geckodriver::marionette	INFO	Starting browser \\?\C:\Program Files (x86)\Mozilla Firefox\firefox.exe with args ["-marionette"]
1494404163713	addons.manager	ERROR	startup failed: [Exception... "Component returned failure code: 0x80070057 (NS_ERROR_ILLEGAL_VALUE) [nsIFile.create]"  nsresult: "0x80070057 (NS_ERROR_ILLEGAL_VALUE)"  location: "JS frame :: resource://gre/modules/FileUtils.jsm :: FileUtils_getDir :: line 70"  data: no] Stack trace: FileUtils_getDir()@resource://gre/modules/FileUtils.jsm:70 < FileUtils_getFile()@resource://gre/modules/FileUtils.jsm:42 < validateBlocklist()@resource://gre/modules/AddonManager.jsm:671 < startup()@resource://gre/modules/AddonManager.jsm:834 < startup()@resource://gre/modules/AddonManager.jsm:3129 < observe()@resource://gre/components/addonManager.js:65
JavaScript error: resource://gre/modules/AddonManager.jsm, line 1657: NS_ERROR_NOT_INITIALIZED: AddonManager is not initialized
1494404165942	Marionette	INFO	Listening on port 58786
JavaScript error: resource://gre/modules/AddonManager.jsm, line 2570: NS_ERROR_NOT_INITIALIZED: AddonManager is not initialized
1494404166586	Marionette	WARN	TLS certificate errors will be ignored for this session
JavaScript error: http://assets.asosservices.com/lpsa/js/mu/mu-bundle/lp-hp-bundle-1.0.144.0.min.js#CO, line 6: TypeError: t is undefined
JavaScript warning: http://mathid.mathtag.com/d/i.js, line 1: unreachable code after return statement
JavaScript warning: http://mathid.mathtag.com/d/i.js, line 1: unreachable code after return statement
1494404293165	geckodriver	INFO	Listening on 127.0.0.1:58926
1494404295206	geckodriver::marionette	INFO	Starting browser \\?\C:\Program Files (x86)\Mozilla Firefox\firefox.exe with args ["-marionette"]
1494404295428	addons.manager	ERROR	startup failed: [Exception... "Component returned failure code: 0x80070057 (NS_ERROR_ILLEGAL_VALUE) [nsIFile.create]"  nsresult: "0x80070057 (NS_ERROR_ILLEGAL_VALUE)"  location: "JS frame :: resource://gre/modules/FileUtils.jsm :: FileUtils_getDir :: line 70"  data: no] Stack trace: FileUtils_getDir()@resource://gre/modules/FileUtils.jsm:70 < FileUtils_getFile()@resource://gre/modules/FileUtils.jsm:42 < validateBlocklist()@resource://gre/modules/AddonManager.jsm:671 < startup()@resource://gre/modules/AddonManager.jsm:834 < startup()@resource://gre/modules/AddonManager.jsm:3129 < observe()@resource://gre/components/addonManager.js:65
JavaScript error: resource://gre/modules/AddonManager.jsm, line 1657: NS_ERROR_NOT_INITIALIZED: AddonManager is not initialized
1494404297108	Marionette	INFO	Listening on port 58932
JavaScript error: resource://gre/modules/AddonManager.jsm, line 2570: NS_ERROR_NOT_INITIALIZED: AddonManager is not initialized
1494404297289	Marionette	WARN	TLS certificate errors will be ignored for this session
JavaScript error: http://assets.asosservices.com/lpsa/js/mu/mu-bundle/lp-hp-bundle-1.0.144.0.min.js#CO, line 6: TypeError: t is undefined
JavaScript warning: http://mathid.mathtag.com/d/i.js, line 1: unreachable code after return statement
JavaScript warning: http://mathid.mathtag.com/d/i.js, line 1: unreachable code after return statement
1494404329569	geckodriver	INFO	Listening on 127.0.0.1:59064
1494404331622	geckodriver::marionette	INFO	Starting browser \\?\C:\Program Files (x86)\Mozilla Firefox\firefox.exe with args ["-marionette"]
1494404331842	addons.manager	ERROR	startup failed: [Exception... "Component returned failure code: 0x80070057 (NS_ERROR_ILLEGAL_VALUE) [nsIFile.create]"  nsresult: "0x80070057 (NS_ERROR_ILLEGAL_VALUE)"  location: "JS frame :: resource://gre/modules/FileUtils.jsm :: FileUtils_getDir :: line 70"  data: no] Stack trace: FileUtils_getDir()@resource://gre/modules/FileUtils.jsm:70 < FileUtils_getFile()@resource://gre/modules/FileUtils.jsm:42 < validateBlocklist()@resource://gre/modules/AddonManager.jsm:671 < startup()@resource://gre/modules/AddonManager.jsm:834 < startup()@resource://gre/modules/AddonManager.jsm:3129 < observe()@resource://gre/components/addonManager.js:65
JavaScript error: resource://gre/modules/AddonManager.jsm, line 1657: NS_ERROR_NOT_INITIALIZED: AddonManager is not initialized
1494404333681	Marionette	INFO	Listening on port 59070
JavaScript error: resource://gre/modules/AddonManager.jsm, line 2570: NS_ERROR_NOT_INITIALIZED: AddonManager is not initialized
1494404334738	Marionette	WARN	TLS certificate errors will be ignored for this session
JavaScript error: http://assets.asosservices.com/lpsa/js/mu/mu-bundle/lp-hp-bundle-1.0.144.0.min.js#CO, line 6: TypeError: t is undefined
JavaScript warning: http://mathid.mathtag.com/d/i.js, line 1: unreachable code after return statement
JavaScript warning: http://mathid.mathtag.com/d/i.js, line 1: unreachable code after return statement
1494404393856	geckodriver	INFO	Listening on 127.0.0.1:59206
1494404395890	geckodriver::marionette	INFO	Starting browser \\?\C:\Program Files (x86)\Mozilla Firefox\firefox.exe with args ["-marionette"]
1494404396112	addons.manager	ERROR	startup failed: [Exception... "Component returned failure code: 0x80070057 (NS_ERROR_ILLEGAL_VALUE) [nsIFile.create]"  nsresult: "0x80070057 (NS_ERROR_ILLEGAL_VALUE)"  location: "JS frame :: resource://gre/modules/FileUtils.jsm :: FileUtils_getDir :: line 70"  data: no] Stack trace: FileUtils_getDir()@resource://gre/modules/FileUtils.jsm:70 < FileUtils_getFile()@resource://gre/modules/FileUtils.jsm:42 < validateBlocklist()@resource://gre/modules/AddonManager.jsm:671 < startup()@resource://gre/modules/AddonManager.jsm:834 < startup()@resource://gre/modules/AddonManager.jsm:3129 < observe()@resource://gre/components/addonManager.js:65
JavaScript error: resource://gre/modules/AddonManager.jsm, line 1657: NS_ERROR_NOT_INITIALIZED: AddonManager is not initialized
1494404397780	Marionette	INFO	Listening on port 59212
JavaScript error: resource://gre/modules/AddonManager.jsm, line 2570: NS_ERROR_NOT_INITIALIZED: AddonManager is not initialized
1494404397996	Marionette	WARN	TLS certificate errors will be ignored for this session
JavaScript error: http://assets.asosservices.com/lpsa/js/mu/mu-bundle/lp-hp-bundle-1.0.144.0.min.js#CO, line 6: TypeError: t is undefined
1494404437626	geckodriver	INFO	Listening on 127.0.0.1:59346
1494404439668	geckodriver::marionette	INFO	Starting browser \\?\C:\Program Files (x86)\Mozilla Firefox\firefox.exe with args ["-marionette"]
1494404439902	addons.manager	ERROR	startup failed: [Exception... "Component returned failure code: 0x80070057 (NS_ERROR_ILLEGAL_VALUE) [nsIFile.create]"  nsresult: "0x80070057 (NS_ERROR_ILLEGAL_VALUE)"  location: "JS frame :: resource://gre/modules/FileUtils.jsm :: FileUtils_getDir :: line 70"  data: no] Stack trace: FileUtils_getDir()@resource://gre/modules/FileUtils.jsm:70 < FileUtils_getFile()@resource://gre/modules/FileUtils.jsm:42 < validateBlocklist()@resource://gre/modules/AddonManager.jsm:671 < startup()@resource://gre/modules/AddonManager.jsm:834 < startup()@resource://gre/modules/AddonManager.jsm:3129 < observe()@resource://gre/components/addonManager.js:65
JavaScript error: resource://gre/modules/AddonManager.jsm, line 1657: NS_ERROR_NOT_INITIALIZED: AddonManager is not initialized
1494404441914	Marionette	INFO	Listening on port 59352
JavaScript error: resource://gre/modules/AddonManager.jsm, line 2570: NS_ERROR_NOT_INITIALIZED: AddonManager is not initialized
1494404442785	Marionette	WARN	TLS certificate errors will be ignored for this session
JavaScript error: http://assets.asosservices.com/lpsa/js/mu/mu-bundle/lp-hp-bundle-1.0.144.0.min.js#CO, line 6: TypeError: t is undefined
JavaScript warning: http://mathid.mathtag.com/d/i.js, line 1: unreachable code after return statement
JavaScript warning: http://mathid.mathtag.com/d/i.js, line 1: unreachable code after return statement
1494404488554	geckodriver	INFO	Listening on 127.0.0.1:59491
1494404490608	geckodriver::marionette	INFO	Starting browser \\?\C:\Program Files (x86)\Mozilla Firefox\firefox.exe with args ["-marionette"]
1494404490861	addons.manager	ERROR	startup failed: [Exception... "Component returned failure code: 0x80070057 (NS_ERROR_ILLEGAL_VALUE) [nsIFile.create]"  nsresult: "0x80070057 (NS_ERROR_ILLEGAL_VALUE)"  location: "JS frame :: resource://gre/modules/FileUtils.jsm :: FileUtils_getDir :: line 70"  data: no] Stack trace: FileUtils_getDir()@resource://gre/modules/FileUtils.jsm:70 < FileUtils_getFile()@resource://gre/modules/FileUtils.jsm:42 < validateBlocklist()@resource://gre/modules/AddonManager.jsm:671 < startup()@resource://gre/modules/AddonManager.jsm:834 < startup()@resource://gre/modules/AddonManager.jsm:3129 < observe()@resource://gre/components/addonManager.js:65
JavaScript error: resource://gre/modules/AddonManager.jsm, line 1657: NS_ERROR_NOT_INITIALIZED: AddonManager is not initialized
1494404492850	Marionette	INFO	Listening on port 59497
JavaScript error: resource://gre/modules/AddonManager.jsm, line 2570: NS_ERROR_NOT_INITIALIZED: AddonManager is not initialized
1494404493724	Marionette	WARN	TLS certificate errors will be ignored for this session
JavaScript error: http://assets.asosservices.com/lpsa/js/mu/mu-bundle/lp-hp-bundle-1.0.144.0.min.js#CO, line 6: TypeError: t is undefined
JavaScript error: resource://app/modules/WindowsJumpLists.jsm, line 403: NS_ERROR_FILE_NOT_FOUND: Component returned failure code: 0x80520012 (NS_ERROR_FILE_NOT_FOUND) [nsIJumpListShortcut.app]
JavaScript error: resource://app/modules/WindowsJumpLists.jsm, line 403: NS_ERROR_FILE_NOT_FOUND: Component returned failure code: 0x80520012 (NS_ERROR_FILE_NOT_FOUND) [nsIJumpListShortcut.app]
JavaScript error: resource://app/modules/WindowsJumpLists.jsm, line 403: NS_ERROR_FILE_NOT_FOUND: Component returned failure code: 0x80520012 (NS_ERROR_FILE_NOT_FOUND) [nsIJumpListShortcut.app]
JavaScript error: resource://app/modules/WindowsJumpLists.jsm, line 403: NS_ERROR_FILE_NOT_FOUND: Component returned failure code: 0x80520012 (NS_ERROR_FILE_NOT_FOUND) [nsIJumpListShortcut.app]
JavaScript error: resource://gre/modules/AddonManager.jsm, line 1416: NS_ERROR_NOT_INITIALIZED: AddonManager is not initialized
JavaScript error: resource://app/modules/WindowsJumpLists.jsm, line 403: NS_ERROR_FILE_NOT_FOUND: Component returned failure code: 0x80520012 (NS_ERROR_FILE_NOT_FOUND) [nsIJumpListShortcut.app]
JavaScript error: resource://gre/modules/FileUtils.jsm, line 70: NS_ERROR_ILLEGAL_VALUE: Component returned failure code: 0x80070057 (NS_ERROR_ILLEGAL_VALUE) [nsIFile.create]
vaScript error: http://assets.asosservices.com/lpsa/js/mu/mu-bundle/lp-hp-bundle-1.0.144.0.min.js#CO, line 6: TypeError: t is undefined
JavaScript warning: http://mathid.mathtag.com/d/i.js, line 1: unreachable code after return statement
JavaScript warning: http://mathid.mathtag.com/d/i.js, line 1: unreachable code after return statement
1494404632407	geckodriver	INFO	Listening on 127.0.0.1:59786
1494404634462	geckodriver::marionette	INFO	Starting browser \\?\C:\Program Files (x86)\Mozilla Firefox\firefox.exe with args ["-marionette"]
1494404634678	addons.manager	ERROR	startup failed: [Exception... "Component returned failure code: 0x80070057 (NS_ERROR_ILLEGAL_VALUE) [nsIFile.create]"  nsresult: "0x80070057 (NS_ERROR_ILLEGAL_VALUE)"  location: "JS frame :: resource://gre/modules/FileUtils.jsm :: FileUtils_getDir :: line 70"  data: no] Stack trace: FileUtils_getDir()@resource://gre/modules/FileUtils.jsm:70 < FileUtils_getFile()@resource://gre/modules/FileUtils.jsm:42 < validateBlocklist()@resource://gre/modules/AddonManager.jsm:671 < startup()@resource://gre/modules/AddonManager.jsm:834 < startup()@resource://gre/modules/AddonManager.jsm:3129 < observe()@resource://gre/components/addonManager.js:65
JavaScript error: resource://gre/modules/AddonManager.jsm, line 1657: NS_ERROR_NOT_INITIALIZED: AddonManager is not initialized
1494404636510	Marionette	INFO	Listening on port 59792
JavaScript error: resource://gre/modules/AddonManager.jsm, line 2570: NS_ERROR_NOT_INITIALIZED: AddonManager is not initialized
1494404637585	Marionette	WARN	TLS certificate errors will be ignored for this session
JavaScript error: resource://app/modules/WindowsJumpLists.jsm, line 403: NS_ERROR_FILE_NOT_FOUND: Component returned failure code: 0x80520012 (NS_ERROR_FILE_NOT_FOUND) [nsIJumpListShortcut.app]
1494404712688	geckodriver	INFO	Listening on 127.0.0.1:59824
1494404714725	geckodriver::marionette	INFO	Starting browser \\?\C:\Program Files (x86)\Mozilla Firefox\firefox.exe with args ["-marionette"]
1494404714934	addons.manager	ERROR	startup failed: [Exception... "Component returned failure code: 0x80070057 (NS_ERROR_ILLEGAL_VALUE) [nsIFile.create]"  nsresult: "0x80070057 (NS_ERROR_ILLEGAL_VALUE)"  location: "JS frame :: resource://gre/modules/FileUtils.jsm :: FileUtils_getDir :: line 70"  data: no] Stack trace: FileUtils_getDir()@resource://gre/modules/FileUtils.jsm:70 < FileUtils_getFile()@resource://gre/modules/FileUtils.jsm:42 < validateBlocklist()@resource://gre/modules/AddonManager.jsm:671 < startup()@resource://gre/modules/AddonManager.jsm:834 < startup()@resource://gre/modules/AddonManager.jsm:3129 < observe()@resource://gre/components/addonManager.js:65
JavaScript error: resource://gre/modules/AddonManager.jsm, line 1657: NS_ERROR_NOT_INITIALIZED: AddonManager is not initialized
1494404716783	Marionette	INFO	Listening on port 59830
JavaScript error: resource://gre/modules/AddonManager.jsm, line 2570: NS_ERROR_NOT_INITIALIZED: AddonManager is not initialized
1494404717844	Marionette	WARN	TLS certificate errors will be ignored for this session
JavaScript error: resource://app/modules/WindowsJumpLists.jsm, line 403: NS_ERROR_FILE_NOT_FOUND: Component returned failure code: 0x80520012 (NS_ERROR_FILE_NOT_FOUND) [nsIJumpListShortcut.app]
1494404796504	geckodriver	INFO	Listening on 127.0.0.1:59855
1494404798557	geckodriver::marionette	INFO	Starting browser \\?\C:\Program Files (x86)\Mozilla Firefox\firefox.exe with args ["-marionette"]
1494404798779	addons.manager	ERROR	startup failed: [Exception... "Component returned failure code: 0x80070057 (NS_ERROR_ILLEGAL_VALUE) [nsIFile.create]"  nsresult: "0x80070057 (NS_ERROR_ILLEGAL_VALUE)"  location: "JS frame :: resource://gre/modules/FileUtils.jsm :: FileUtils_getDir :: line 70"  data: no] Stack trace: FileUtils_getDir()@resource://gre/modules/FileUtils.jsm:70 < FileUtils_getFile()@resource://gre/modules/FileUtils.jsm:42 < validateBlocklist()@resource://gre/modules/AddonManager.jsm:671 < startup()@resource://gre/modules/AddonManager.jsm:834 < startup()@resource://gre/modules/AddonManager.jsm:3129 < observe()@resource://gre/components/addonManager.js:65
JavaScript error: resource://gre/modules/AddonManager.jsm, line 1657: NS_ERROR_NOT_INITIALIZED: AddonManager is not initialized
1494404800726	Marionette	INFO	Listening on port 59861
JavaScript error: resource://gre/modules/AddonManager.jsm, line 2570: NS_ERROR_NOT_INITIALIZED: AddonManager is not initialized
1494404801673	Marionette	WARN	TLS certificate errors will be ignored for this session
JavaScript error: http://assets.asosservices.com/lpsa/js/mu/mu-bundle/lp-hp-bundle-1.0.144.0.min.js#CO, line 6: TypeError: t is undefined
JavaScript warning: http://mathid.mathtag.com/d/i.js, line 1: unreachable code after return statement
JavaScript warning: http://mathid.mathtag.com/d/i.js, line 1: unreachable code after return statement
1494404879695	geckodriver	INFO	Listening on 127.0.0.1:58435
1494404881740	geckodriver::marionette	INFO	Starting browser \\?\C:\Program Files (x86)\Mozilla Firefox\firefox.exe with args ["-marionette"]
1494404881983	addons.manager	ERROR	startup failed: [Exception... "Component returned failure code: 0x80070057 (NS_ERROR_ILLEGAL_VALUE) [nsIFile.create]"  nsresult: "0x80070057 (NS_ERROR_ILLEGAL_VALUE)"  location: "JS frame :: resource://gre/modules/FileUtils.jsm :: FileUtils_getDir :: line 70"  data: no] Stack trace: FileUtils_getDir()@resource://gre/modules/FileUtils.jsm:70 < FileUtils_getFile()@resource://gre/modules/FileUtils.jsm:42 < validateBlocklist()@resource://gre/modules/AddonManager.jsm:671 < startup()@resource://gre/modules/AddonManager.jsm:834 < startup()@resource://gre/modules/AddonManager.jsm:3129 < observe()@resource://gre/components/addonManager.js:65
JavaScript error: resource://gre/modules/AddonManager.jsm, line 1657: NS_ERROR_NOT_INITIALIZED: AddonManager is not initialized
1494404883811	Marionette	INFO	Listening on port 58441
JavaScript error: resource://gre/modules/AddonManager.jsm, line 2570: NS_ERROR_NOT_INITIALIZED: AddonManager is not initialized
1494404884856	Marionette	WARN	TLS certificate errors will be ignored for this session
JavaScript error: http://assets.asosservices.com/lpsa/js/mu/mu-bundle/lp-hp-bundle-1.0.144.0.min.js#CO, line 6: TypeError: t is undefined
JavaScript warning: http://mathid.mathtag.com/d/i.js, line 1: unreachable code after return statement
JavaScript warning: http://mathid.mathtag.com/d/i.js, line 1: unreachable code after return statement
1494404981231	geckodriver	INFO	Listening on 127.0.0.1:59523
1494404983276	geckodriver::marionette	INFO	Starting browser \\?\C:\Program Files (x86)\Mozilla Firefox\firefox.exe with args ["-marionette"]
1494404983499	addons.manager	ERROR	startup failed: [Exception... "Component returned failure code: 0x80070057 (NS_ERROR_ILLEGAL_VALUE) [nsIFile.create]"  nsresult: "0x80070057 (NS_ERROR_ILLEGAL_VALUE)"  location: "JS frame :: resource://gre/modules/FileUtils.jsm :: FileUtils_getDir :: line 70"  data: no] Stack trace: FileUtils_getDir()@resource://gre/modules/FileUtils.jsm:70 < FileUtils_getFile()@resource://gre/modules/FileUtils.jsm:42 < validateBlocklist()@resource://gre/modules/AddonManager.jsm:671 < startup()@resource://gre/modules/AddonManager.jsm:834 < startup()@resource://gre/modules/AddonManager.jsm:3129 < observe()@resource://gre/components/addonManager.js:65
JavaScript error: resource://gre/modules/AddonManager.jsm, line 1657: NS_ERROR_NOT_INITIALIZED: AddonManager is not initialized
1494404985453	Marionette	INFO	Listening on port 59529
JavaScript error: resource://gre/modules/AddonManager.jsm, line 2570: NS_ERROR_NOT_INITIALIZED: AddonManager is not initialized
1494404986402	Marionette	WARN	TLS certificate errors will be ignored for this session
JavaScript error: http://assets.asosservices.com/lpsa/js/mu/mu-bundle/lp-hp-bundle-1.0.144.0.min.js#CO, line 6: TypeError: t is undefined
JavaScript warning: http://mathid.mathtag.com/d/i.js, line 1: unreachable code after return statement
JavaScript warning: http://mathid.mathtag.com/d/i.js, line 1: unreachable code after return statement
1494405006997	geckodriver	INFO	Listening on 127.0.0.1:59669
1494405009056	geckodriver::marionette	INFO	Starting browser \\?\C:\Program Files (x86)\Mozilla Firefox\firefox.exe with args ["-marionette"]
1494405009386	addons.manager	ERROR	startup failed: [Exception... "Component returned failure code: 0x80070057 (NS_ERROR_ILLEGAL_VALUE) [nsIFile.create]"  nsresult: "0x80070057 (NS_ERROR_ILLEGAL_VALUE)"  location: "JS frame :: resource://gre/modules/FileUtils.jsm :: FileUtils_getDir :: line 70"  data: no] Stack trace: FileUtils_getDir()@resource://gre/modules/FileUtils.jsm:70 < FileUtils_getFile()@resource://gre/modules/FileUtils.jsm:42 < validateBlocklist()@resource://gre/modules/AddonManager.jsm:671 < startup()@resource://gre/modules/AddonManager.jsm:834 < startup()@resource://gre/modules/AddonManager.jsm:3129 < observe()@resource://gre/components/addonManager.js:65
JavaScript error: resource://gre/modules/AddonManager.jsm, line 1657: NS_ERROR_NOT_INITIALIZED: AddonManager is not initialized
1494405011586	Marionette	INFO	Listening on port 59675
JavaScript error: resource://gre/modules/AddonManager.jsm, line 2570: NS_ERROR_NOT_INITIALIZED: AddonManager is not initialized
1494405012183	Marionette	WARN	TLS certificate errors will be ignored for this session
JavaScript error: http://assets.asosservices.com/lpsa/js/mu/mu-bundle/lp-hp-bundle-1.0.144.0.min.js#CO, line 6: TypeError: t is undefined
JavaScript warning: http://mathid.mathtag.com/d/i.js, line 1: unreachable code after return statement
JavaScript warning: http://mathid.mathtag.com/d/i.js, line 1: unreachable code after return statement
1494405056279	geckodriver	INFO	Listening on 127.0.0.1:59824
1494405058317	geckodriver::marionette	INFO	Starting browser \\?\C:\Program Files (x86)\Mozilla Firefox\firefox.exe with args ["-marionette"]
1494405058580	addons.manager	ERROR	startup failed: [Exception... "Component returned failure code: 0x80070057 (NS_ERROR_ILLEGAL_VALUE) [nsIFile.create]"  nsresult: "0x80070057 (NS_ERROR_ILLEGAL_VALUE)"  location: "JS frame :: resource://gre/modules/FileUtils.jsm :: FileUtils_getDir :: line 70"  data: no] Stack trace: FileUtils_getDir()@resource://gre/modules/FileUtils.jsm:70 < FileUtils_getFile()@resource://gre/modules/FileUtils.jsm:42 < validateBlocklist()@resource://gre/modules/AddonManager.jsm:671 < startup()@resource://gre/modules/AddonManager.jsm:834 < startup()@resource://gre/modules/AddonManager.jsm:3129 < observe()@resource://gre/components/addonManager.js:65
JavaScript error: resource://gre/modules/AddonManager.jsm, line 1657: NS_ERROR_NOT_INITIALIZED: AddonManager is not initialized
1494405060365	Marionette	INFO	Listening on port 59830
JavaScript error: resource://gre/modules/AddonManager.jsm, line 2570: NS_ERROR_NOT_INITIALIZED: AddonManager is not initialized
1494405061432	Marionette	WARN	TLS certificate errors will be ignored for this session
JavaScript error: http://assets.asosservices.com/lpsa/js/mu/mu-bundle/lp-hp-bundle-1.0.144.0.min.js#CO, line 6: TypeError: t is undefined
JavaScript warning: http://mathid.mathtag.com/d/i.js, line 1: unreachable code after return statement
JavaScript warning: http://mathid.mathtag.com/d/i.js, line 1: unreachable code after return statement
